2019-07-10 12:57:18,628 INFO  [ExtentReportListener]-[] - Starting test
2019-07-10 12:57:18,842 INFO  [ExtentReportListener]-[] - Extent Report location initialized . . .
2019-07-10 12:57:19,030 INFO  [ExtentReportListener]-[] - System Info. set in Extent Report
2019-07-10 12:57:19,438 INFO  [ExtentReportListener]-[] - Starting Test
2019-07-10 12:58:41,615 INFO  [HomePage]-[] - Going to click Help Button
2019-07-10 12:58:42,325 INFO  [HomePage]-[] - Clicked on Help Menu
2019-07-10 12:58:43,007 INFO  [HomePage]-[] - Going to click Community in Sub Menu
2019-07-10 12:58:43,475 INFO  [HomePage]-[] - Clicked on Community in Sub Menu
2019-07-10 12:59:11,561 INFO  [CommunityPage]-[] - I have pressedLatest
2019-07-10 12:59:19,213 INFO  [ExtentReportListener]-[] - Passed
2019-07-10 12:59:19,216 INFO  [ExtentReportListener]-[] - Starting Test
2019-07-10 12:59:29,239 INFO  [ExtentReportListener]-[] - Test Fail
2019-07-10 12:59:29,525 INFO  [ExtentReportListener]-[] - Ending
2019-07-10 13:00:11,610 INFO  [ExtentReportListener]-[] - Starting test
2019-07-10 13:00:11,720 INFO  [ExtentReportListener]-[] - Extent Report location initialized . . .
2019-07-10 13:00:11,831 INFO  [ExtentReportListener]-[] - System Info. set in Extent Report
2019-07-10 13:00:12,055 INFO  [ExtentReportListener]-[] - Starting Test
2019-07-10 13:04:11,343 INFO  [HomePage]-[] - Going to click Help Button
2019-07-10 13:04:12,065 INFO  [HomePage]-[] - Clicked on Help Menu
2019-07-10 13:04:13,236 INFO  [HomePage]-[] - Going to click Community in Sub Menu
2019-07-10 13:04:13,835 INFO  [HomePage]-[] - Clicked on Community in Sub Menu
2019-07-10 13:04:42,914 INFO  [CommunityPage]-[] - I have pressedLatest
2019-07-10 13:04:49,165 INFO  [ExtentReportListener]-[] - Passed
2019-07-10 13:04:49,179 INFO  [ExtentReportListener]-[] - Starting Test
2019-07-10 13:07:00,331 INFO  [HomePage]-[] - Going to click Help Button
2019-07-10 13:07:01,851 INFO  [HomePage]-[] - Clicked on Help Menu
2019-07-10 13:07:02,456 INFO  [HomePage]-[] - Going to click Community in Sub Menu
2019-07-10 13:07:03,258 INFO  [HomePage]-[] - Clicked on Community in Sub Menu
2019-07-10 13:08:03,564 INFO  [CommunityPage]-[] - I have pressedHome
2019-07-10 13:08:08,916 INFO  [ExtentReportListener]-[] - Passed
2019-07-10 13:08:08,983 INFO  [ExtentReportListener]-[] - Ending
2019-07-10 13:08:18,240 INFO  [ExtentReportListener]-[] - Starting test
2019-07-10 13:08:18,375 INFO  [ExtentReportListener]-[] - Extent Report location initialized . . .
2019-07-10 13:08:18,479 INFO  [ExtentReportListener]-[] - System Info. set in Extent Report
2019-07-10 13:08:18,713 INFO  [ExtentReportListener]-[] - Starting Test
2019-07-10 13:09:05,409 INFO  [HomePage]-[] - Going to Verify Help Button
2019-07-10 13:09:57,425 INFO  [ExtentReportListener]-[] - Passed
2019-07-10 13:09:57,480 INFO  [ExtentReportListener]-[] - Ending
2019-07-10 13:48:40,991 INFO  [ExtentReportListener]-[] - Starting test
2019-07-10 13:48:41,238 INFO  [ExtentReportListener]-[] - Extent Report location initialized . . .
2019-07-10 13:48:41,540 INFO  [ExtentReportListener]-[] - System Info. set in Extent Report
2019-07-10 13:48:42,026 INFO  [ExtentReportListener]-[] - Starting Test
2019-07-10 13:49:57,681 INFO  [HomePage]-[] - Going to Verify Help Button
2019-07-10 13:50:48,289 INFO  [ExtentReportListener]-[] - Test Fail
2019-07-10 13:50:48,449 INFO  [ExtentReportListener]-[] - Ending
2019-07-10 13:52:48,939 INFO  [ExtentReportListener]-[] - Starting test
2019-07-10 13:52:49,051 INFO  [ExtentReportListener]-[] - Extent Report location initialized . . .
2019-07-10 13:52:49,178 INFO  [ExtentReportListener]-[] - System Info. set in Extent Report
2019-07-10 13:52:49,411 INFO  [ExtentReportListener]-[] - Starting Test
2019-07-10 13:53:33,297 INFO  [HomePage]-[] - Going to Verify Help Button
2019-07-10 13:54:25,982 INFO  [ExtentReportListener]-[] - Passed
2019-07-10 13:54:26,047 INFO  [ExtentReportListener]-[] - Ending
2019-07-10 14:05:20,564 INFO  [ExtentReportListener]-[] - Starting test
2019-07-10 14:05:20,642 INFO  [ExtentReportListener]-[] - Extent Report location initialized . . .
2019-07-10 14:05:20,718 INFO  [ExtentReportListener]-[] - System Info. set in Extent Report
2019-07-10 14:05:20,872 INFO  [ExtentReportListener]-[] - Starting Test
2019-07-10 14:05:42,716 INFO  [HomePage]-[] - Going to Verify Help Button
2019-07-10 14:06:35,542 INFO  [CountryChangePage]-[] - Going to Verify Help Button
2019-07-10 14:06:35,807 INFO  [ExtentReportListener]-[] - Test Fail
2019-07-10 14:06:36,364 INFO  [ExtentReportListener]-[] - Ending
2019-07-10 14:08:56,686 INFO  [ExtentReportListener]-[] - Starting test
2019-07-10 14:08:56,795 INFO  [ExtentReportListener]-[] - Extent Report location initialized . . .
2019-07-10 14:08:56,918 INFO  [ExtentReportListener]-[] - System Info. set in Extent Report
2019-07-10 14:08:57,181 INFO  [ExtentReportListener]-[] - Starting Test
2019-07-10 14:10:20,865 INFO  [HomePage]-[] - Going to Verify Help Button
2019-07-10 14:11:12,810 INFO  [CountryChangePage]-[] - Going to Verify Help Button
2019-07-10 14:11:12,889 INFO  [ExtentReportListener]-[] - Test Fail
2019-07-10 14:11:13,045 INFO  [ExtentReportListener]-[] - Ending
2019-07-10 14:25:44,885 INFO  [ExtentReportListener]-[] - Starting test
2019-07-10 14:25:44,973 INFO  [ExtentReportListener]-[] - Extent Report location initialized . . .
2019-07-10 14:25:45,065 INFO  [ExtentReportListener]-[] - System Info. set in Extent Report
2019-07-10 14:25:45,266 INFO  [ExtentReportListener]-[] - Starting Test
2019-07-10 14:26:31,761 INFO  [HomePage]-[] - Going to Verify Help Button
2019-07-10 14:27:23,866 INFO  [CountryChangePage]-[] - Going to Verify Help Button
2019-07-10 14:27:24,157 INFO  [ExtentReportListener]-[] - Test Fail
2019-07-10 14:27:24,250 INFO  [ExtentReportListener]-[] - Ending
2019-07-10 14:29:42,623 INFO  [ExtentReportListener]-[] - Starting test
2019-07-10 14:29:42,710 INFO  [ExtentReportListener]-[] - Extent Report location initialized . . .
2019-07-10 14:29:42,813 INFO  [ExtentReportListener]-[] - System Info. set in Extent Report
2019-07-10 14:29:43,047 INFO  [ExtentReportListener]-[] - Starting Test
2019-07-10 14:30:07,748 INFO  [HomePage]-[] - Going to Verify Help Button
2019-07-10 14:30:59,992 INFO  [CountryChangePage]-[] - Going to Verify Help Button
2019-07-10 14:31:00,062 INFO  [CountryChangePage]-[] - Going to Verify Help Button
2019-07-10 14:31:05,134 INFO  [ExtentReportListener]-[] - Test Fail
2019-07-10 14:31:05,250 INFO  [ExtentReportListener]-[] - Ending
2019-07-10 14:32:55,114 INFO  [ExtentReportListener]-[] - Starting test
2019-07-10 14:32:55,185 INFO  [ExtentReportListener]-[] - Extent Report location initialized . . .
2019-07-10 14:32:55,271 INFO  [ExtentReportListener]-[] - System Info. set in Extent Report
2019-07-10 14:32:55,426 INFO  [ExtentReportListener]-[] - Starting Test
2019-07-10 14:33:40,910 INFO  [HomePage]-[] - Going to Verify Help Button
2019-07-10 14:33:43,092 INFO  [CountryChangePage]-[] - Going to Verify Help Button
2019-07-10 14:33:43,181 INFO  [CountryChangePage]-[] - Going to Verify Help Button
2019-07-10 14:33:48,244 INFO  [ExtentReportListener]-[] - Test Fail
2019-07-10 14:33:48,320 INFO  [ExtentReportListener]-[] - Ending
2019-07-10 14:39:25,858 INFO  [ExtentReportListener]-[] - Starting test
2019-07-10 14:39:25,941 INFO  [ExtentReportListener]-[] - Extent Report location initialized . . .
2019-07-10 14:39:26,057 INFO  [ExtentReportListener]-[] - System Info. set in Extent Report
2019-07-10 14:39:26,287 INFO  [ExtentReportListener]-[] - Starting Test
2019-07-10 14:39:48,879 INFO  [HomePage]-[] - Going to Verify Help Button
2019-07-10 14:39:51,287 INFO  [CountryChangePage]-[] - Going to Verify Help Button
2019-07-10 14:40:25,278 INFO  [ExtentReportListener]-[] - Starting test
2019-07-10 14:40:25,362 INFO  [ExtentReportListener]-[] - Extent Report location initialized . . .
2019-07-10 14:40:25,454 INFO  [ExtentReportListener]-[] - System Info. set in Extent Report
2019-07-10 14:40:25,639 INFO  [ExtentReportListener]-[] - Starting Test
2019-07-10 14:40:50,793 INFO  [HomePage]-[] - Going to Verify Help Button
2019-07-10 14:40:52,961 INFO  [CountryChangePage]-[] - Going to Verify Help Button
2019-07-10 14:40:53,914 INFO  [ExtentReportListener]-[] - Test Fail
2019-07-10 14:40:54,274 INFO  [ExtentReportListener]-[] - Ending
2019-07-10 14:43:18,177 INFO  [ExtentReportListener]-[] - Starting test
2019-07-10 14:43:18,258 INFO  [ExtentReportListener]-[] - Extent Report location initialized . . .
2019-07-10 14:43:18,361 INFO  [ExtentReportListener]-[] - System Info. set in Extent Report
2019-07-10 14:43:18,526 INFO  [ExtentReportListener]-[] - Starting Test
2019-07-10 14:43:44,822 INFO  [HomePage]-[] - Going to Verify Help Button
2019-07-10 14:43:46,699 INFO  [HomePage]-[] - Going to Verify Help Button
2019-07-10 14:43:48,766 INFO  [CountryChangePage]-[] - Going to Verify Help Button
2019-07-10 14:43:48,774 INFO  [ExtentReportListener]-[] - Test Fail
2019-07-10 14:43:48,883 INFO  [ExtentReportListener]-[] - Ending
2019-07-10 14:46:03,957 INFO  [ExtentReportListener]-[] - Starting test
2019-07-10 14:46:04,036 INFO  [ExtentReportListener]-[] - Extent Report location initialized . . .
2019-07-10 14:46:04,131 INFO  [ExtentReportListener]-[] - System Info. set in Extent Report
2019-07-10 14:46:04,300 INFO  [ExtentReportListener]-[] - Starting Test
2019-07-10 14:46:49,624 INFO  [HomePage]-[] - Going to Verify Help Button
2019-07-10 14:46:52,731 INFO  [CountryChangePage]-[] - Going to Verify Help Button
2019-07-10 14:46:52,772 INFO  [ExtentReportListener]-[] - Test Fail
2019-07-10 14:46:52,915 INFO  [ExtentReportListener]-[] - Ending
2019-07-10 14:47:51,688 INFO  [ExtentReportListener]-[] - Starting test
2019-07-10 14:47:51,762 INFO  [ExtentReportListener]-[] - Extent Report location initialized . . .
2019-07-10 14:47:51,838 INFO  [ExtentReportListener]-[] - System Info. set in Extent Report
2019-07-10 14:47:51,997 INFO  [ExtentReportListener]-[] - Starting Test
2019-07-10 14:48:49,459 INFO  [HomePage]-[] - Going to Verify Help Button
2019-07-10 14:48:52,063 INFO  [CountryChangePage]-[] - Going to Verify Help Button
2019-07-10 14:48:52,246 INFO  [ExtentReportListener]-[] - Test Fail
2019-07-10 14:48:52,752 INFO  [ExtentReportListener]-[] - Ending
2019-07-10 14:49:41,311 INFO  [ExtentReportListener]-[] - Starting test
2019-07-10 14:49:41,401 INFO  [ExtentReportListener]-[] - Extent Report location initialized . . .
2019-07-10 14:49:41,492 INFO  [ExtentReportListener]-[] - System Info. set in Extent Report
2019-07-10 14:49:41,689 INFO  [ExtentReportListener]-[] - Starting Test
2019-07-10 14:50:21,673 INFO  [HomePage]-[] - Going to Verify Help Button
2019-07-10 14:50:29,391 INFO  [CountryChangePage]-[] - Going to Verify Help Button
2019-07-10 14:51:06,678 INFO  [ExtentReportListener]-[] - Starting test
2019-07-10 14:51:06,761 INFO  [ExtentReportListener]-[] - Extent Report location initialized . . .
2019-07-10 14:51:06,864 INFO  [ExtentReportListener]-[] - System Info. set in Extent Report
2019-07-10 14:51:07,042 INFO  [ExtentReportListener]-[] - Starting Test
2019-07-10 14:51:19,941 INFO  [ExtentReportListener]-[] - Test Fail
2019-07-10 14:51:20,492 INFO  [ExtentReportListener]-[] - Ending
2019-07-10 14:51:53,525 INFO  [HomePage]-[] - Going to Verify Help Button
2019-07-10 14:52:01,074 INFO  [CountryChangePage]-[] - Going to Verify Help Button
2019-07-10 14:52:03,292 INFO  [ExtentReportListener]-[] - Test Fail
2019-07-10 14:52:03,587 INFO  [ExtentReportListener]-[] - Ending
2019-07-10 14:53:19,720 INFO  [ExtentReportListener]-[] - Starting test
2019-07-10 14:53:19,901 INFO  [ExtentReportListener]-[] - Extent Report location initialized . . .
2019-07-10 14:53:20,072 INFO  [ExtentReportListener]-[] - System Info. set in Extent Report
2019-07-10 14:53:20,382 INFO  [ExtentReportListener]-[] - Starting Test
2019-07-10 14:53:56,433 INFO  [HomePage]-[] - Going to Verify Help Button
2019-07-10 14:54:04,130 INFO  [CountryChangePage]-[] - Going to Verify Help Button
2019-07-10 14:54:54,694 INFO  [ExtentReportListener]-[] - Test Fail
2019-07-10 14:54:54,811 INFO  [ExtentReportListener]-[] - Ending
2019-07-10 14:55:46,705 INFO  [ExtentReportListener]-[] - Starting test
2019-07-10 14:55:46,985 INFO  [ExtentReportListener]-[] - Extent Report location initialized . . .
2019-07-10 14:55:47,191 INFO  [ExtentReportListener]-[] - System Info. set in Extent Report
2019-07-10 14:55:47,599 INFO  [ExtentReportListener]-[] - Starting Test
2019-07-10 14:56:49,285 INFO  [HomePage]-[] - Going to Verify Help Button
2019-07-10 14:56:59,726 INFO  [ExtentReportListener]-[] - Test Fail
2019-07-10 14:57:00,192 INFO  [ExtentReportListener]-[] - Ending
2019-07-10 14:58:17,648 INFO  [ExtentReportListener]-[] - Starting test
2019-07-10 14:58:17,861 INFO  [ExtentReportListener]-[] - Extent Report location initialized . . .
2019-07-10 14:58:18,087 INFO  [ExtentReportListener]-[] - System Info. set in Extent Report
2019-07-10 14:58:18,570 INFO  [ExtentReportListener]-[] - Starting Test
2019-07-10 15:00:19,398 INFO  [HomePage]-[] - Going to Verify Help Button
2019-07-10 15:00:38,284 INFO  [ExtentReportListener]-[] - Test Fail
2019-07-10 15:00:39,503 INFO  [ExtentReportListener]-[] - Ending
2019-07-10 15:01:41,071 INFO  [ExtentReportListener]-[] - Starting test
2019-07-10 15:01:41,592 INFO  [ExtentReportListener]-[] - Extent Report location initialized . . .
2019-07-10 15:01:42,114 INFO  [ExtentReportListener]-[] - System Info. set in Extent Report
2019-07-10 15:01:43,412 INFO  [ExtentReportListener]-[] - Starting Test
2019-07-10 15:02:55,091 INFO  [HomePage]-[] - Going to Verify Help Button
2019-07-10 15:03:10,493 INFO  [CountryChangePage]-[] - Going to Verify Help Button
2019-07-10 15:03:23,312 INFO  [ExtentReportListener]-[] - Test Fail
2019-07-10 15:03:24,391 INFO  [ExtentReportListener]-[] - Ending
2019-07-10 15:05:27,511 INFO  [ExtentReportListener]-[] - Starting test
2019-07-10 15:05:27,620 INFO  [ExtentReportListener]-[] - Extent Report location initialized . . .
2019-07-10 15:05:27,753 INFO  [ExtentReportListener]-[] - System Info. set in Extent Report
2019-07-10 15:05:27,922 INFO  [ExtentReportListener]-[] - Starting Test
2019-07-10 15:06:01,260 INFO  [HomePage]-[] - Going to Verify Help Button
2019-07-10 15:06:08,678 INFO  [CountryChangePage]-[] - Going to Verify Help Button
2019-07-10 15:06:15,398 INFO  [ExtentReportListener]-[] - Passed
2019-07-10 15:06:15,584 INFO  [ExtentReportListener]-[] - Ending
2019-07-10 16:33:03,609 INFO  [ExtentReportListener]-[] - Starting test
2019-07-10 16:33:03,688 INFO  [ExtentReportListener]-[] - Extent Report location initialized . . .
2019-07-10 16:33:03,786 INFO  [ExtentReportListener]-[] - System Info. set in Extent Report
2019-07-10 16:33:03,995 INFO  [ExtentReportListener]-[] - Starting Test
2019-07-10 16:33:26,503 INFO  [HomePage]-[] - Going to Verify Help Button
2019-07-10 16:33:34,074 INFO  [CountryChangePage]-[] - Going to Verify Help Button
2019-07-10 16:33:40,582 INFO  [ExtentReportListener]-[] - Passed
2019-07-10 16:33:41,055 INFO  [ExtentReportListener]-[] - Ending
2019-07-10 16:42:12,334 INFO  [ExtentReportListener]-[] - Starting test
2019-07-10 16:42:12,499 INFO  [ExtentReportListener]-[] - Extent Report location initialized . . .
2019-07-10 16:42:12,682 INFO  [ExtentReportListener]-[] - System Info. set in Extent Report
2019-07-10 16:42:13,088 INFO  [ExtentReportListener]-[] - Starting Test
2019-07-10 16:43:06,219 INFO  [CountryChangePage]-[] - Going to Verify Help Button
2019-07-10 16:43:06,239 INFO  [ExtentReportListener]-[] - Test Fail
2019-07-10 16:43:06,420 INFO  [ExtentReportListener]-[] - Ending
2019-07-10 16:43:21,370 INFO  [ExtentReportListener]-[] - Starting test
2019-07-10 16:43:21,514 INFO  [ExtentReportListener]-[] - Extent Report location initialized . . .
2019-07-10 16:43:21,633 INFO  [ExtentReportListener]-[] - System Info. set in Extent Report
2019-07-10 16:43:21,818 INFO  [ExtentReportListener]-[] - Starting Test
2019-07-10 16:44:32,835 INFO  [CountryChangePage]-[] - Going to Verify Help Button
2019-07-10 16:44:32,861 INFO  [ExtentReportListener]-[] - Test Fail
2019-07-10 16:44:32,962 INFO  [ExtentReportListener]-[] - Ending
2019-07-10 16:45:23,069 INFO  [ExtentReportListener]-[] - Starting test
2019-07-10 16:45:23,152 INFO  [ExtentReportListener]-[] - Extent Report location initialized . . .
2019-07-10 16:45:23,245 INFO  [ExtentReportListener]-[] - System Info. set in Extent Report
2019-07-10 16:45:23,402 INFO  [ExtentReportListener]-[] - Starting Test
2019-07-10 16:45:50,929 INFO  [CountryChangePage]-[] - Going to Verify Help Button
2019-07-10 16:45:57,414 INFO  [ExtentReportListener]-[] - Passed
2019-07-10 16:45:57,715 INFO  [ExtentReportListener]-[] - Ending
2019-07-10 16:49:30,502 INFO  [ExtentReportListener]-[] - Starting test
2019-07-10 16:49:30,732 INFO  [ExtentReportListener]-[] - Extent Report location initialized . . .
2019-07-10 16:49:31,124 INFO  [ExtentReportListener]-[] - System Info. set in Extent Report
2019-07-10 16:49:32,027 INFO  [ExtentReportListener]-[] - Starting Test
2019-07-10 16:50:24,644 INFO  [CountryChangePage]-[] - Going to Verify Help Button
2019-07-10 16:50:33,858 INFO  [ExtentReportListener]-[] - Passed
2019-07-10 16:50:34,073 INFO  [ExtentReportListener]-[] - Ending
2019-07-10 16:52:58,148 INFO  [ExtentReportListener]-[] - Starting test
2019-07-10 16:52:59,248 INFO  [ExtentReportListener]-[] - Extent Report location initialized . . .
2019-07-10 16:53:00,902 INFO  [ExtentReportListener]-[] - System Info. set in Extent Report
2019-07-10 16:53:06,242 INFO  [ExtentReportListener]-[] - Starting Test
2019-07-10 16:53:51,849 INFO  [CountryChangePage]-[] - Going to Verify Help Button
2019-07-10 16:53:53,754 INFO  [ExtentReportListener]-[] - Passed
2019-07-10 16:53:53,918 INFO  [ExtentReportListener]-[] - Ending
2019-07-10 16:54:57,880 INFO  [ExtentReportListener]-[] - Starting test
2019-07-10 16:54:58,372 INFO  [ExtentReportListener]-[] - Extent Report location initialized . . .
2019-07-10 16:54:58,779 INFO  [ExtentReportListener]-[] - System Info. set in Extent Report
2019-07-10 16:54:59,611 INFO  [ExtentReportListener]-[] - Starting Test
2019-07-10 16:56:05,803 INFO  [CountryChangePage]-[] - Going to Verify Help Button
2019-07-10 16:56:11,114 INFO  [ExtentReportListener]-[] - Passed
2019-07-10 16:56:11,970 INFO  [ExtentReportListener]-[] - Ending
2019-07-10 16:58:16,718 INFO  [ExtentReportListener]-[] - Starting test
2019-07-10 16:58:17,681 INFO  [ExtentReportListener]-[] - Extent Report location initialized . . .
2019-07-10 16:58:19,168 INFO  [ExtentReportListener]-[] - System Info. set in Extent Report
2019-07-10 16:58:21,463 INFO  [ExtentReportListener]-[] - Starting Test
2019-07-10 17:00:39,922 INFO  [ExtentReportListener]-[] - Test Fail
2019-07-10 17:00:40,611 INFO  [ExtentReportListener]-[] - Ending
2019-07-10 17:01:40,476 INFO  [ExtentReportListener]-[] - Starting test
2019-07-10 17:01:40,557 INFO  [ExtentReportListener]-[] - Extent Report location initialized . . .
2019-07-10 17:01:40,667 INFO  [ExtentReportListener]-[] - System Info. set in Extent Report
2019-07-10 17:01:40,864 INFO  [ExtentReportListener]-[] - Starting Test
2019-07-10 17:02:09,168 INFO  [CountryChangePage]-[] - Going to Verify Help Button
2019-07-10 17:02:16,628 INFO  [ExtentReportListener]-[] - Passed
2019-07-10 17:02:16,913 INFO  [ExtentReportListener]-[] - Ending
2019-07-10 17:06:32,988 INFO  [ExtentReportListener]-[] - Starting test
2019-07-10 17:06:33,228 INFO  [ExtentReportListener]-[] - Extent Report location initialized . . .
2019-07-10 17:06:33,518 INFO  [ExtentReportListener]-[] - System Info. set in Extent Report
2019-07-10 17:06:33,964 INFO  [ExtentReportListener]-[] - Starting Test
2019-07-10 17:07:11,752 INFO  [HomePage]-[] - Going to click Help Button
2019-07-10 17:07:12,815 INFO  [HomePage]-[] - Clicked on Help Menu
2019-07-10 17:07:13,833 INFO  [HomePage]-[] - Going to click Community in Sub Menu
2019-07-10 17:07:14,763 INFO  [HomePage]-[] - Clicked on Community in Sub Menu
2019-07-10 17:07:52,736 INFO  [ExtentReportListener]-[] - Passed
2019-07-10 17:07:53,636 INFO  [ExtentReportListener]-[] - Ending
2019-07-10 17:10:21,355 INFO  [ExtentReportListener]-[] - Starting test
2019-07-10 17:10:22,095 INFO  [ExtentReportListener]-[] - Extent Report location initialized . . .
2019-07-10 17:10:22,796 INFO  [ExtentReportListener]-[] - System Info. set in Extent Report
2019-07-10 17:10:24,360 INFO  [ExtentReportListener]-[] - Starting Test
2019-07-10 17:10:39,198 INFO  [ExtentReportListener]-[] - Starting test
2019-07-10 17:10:39,963 INFO  [ExtentReportListener]-[] - Extent Report location initialized . . .
2019-07-10 17:10:40,629 INFO  [ExtentReportListener]-[] - System Info. set in Extent Report
2019-07-10 17:10:42,757 INFO  [ExtentReportListener]-[] - Starting Test
2019-07-10 17:11:36,997 INFO  [HomePage]-[] - Going to click Help Button
2019-07-10 17:11:40,335 INFO  [HomePage]-[] - Clicked on Help Menu
2019-07-10 17:11:44,387 INFO  [HomePage]-[] - Going to click Community in Sub Menu
2019-07-10 17:11:46,427 INFO  [HomePage]-[] - Clicked on Community in Sub Menu
2019-07-10 17:12:22,164 INFO  [HomePage]-[] - Going to click Help Button
2019-07-10 17:12:23,943 INFO  [HomePage]-[] - Clicked on Help Menu
2019-07-10 17:12:26,403 INFO  [HomePage]-[] - Going to click Community in Sub Menu
2019-07-10 17:12:28,510 INFO  [HomePage]-[] - Clicked on Community in Sub Menu
2019-07-10 17:12:38,481 INFO  [ExtentReportListener]-[] - Passed
2019-07-10 17:12:38,549 INFO  [ExtentReportListener]-[] - Starting Test
2019-07-10 17:13:12,070 INFO  [ExtentReportListener]-[] - Passed
2019-07-10 17:13:12,096 INFO  [ExtentReportListener]-[] - Starting Test
2019-07-10 17:13:49,892 INFO  [HomePage]-[] - Going to click Help Button
2019-07-10 17:13:52,463 INFO  [HomePage]-[] - Clicked on Help Menu
2019-07-10 17:13:56,444 INFO  [HomePage]-[] - Going to click Community in Sub Menu
2019-07-10 17:13:58,434 INFO  [HomePage]-[] - Clicked on Community in Sub Menu
2019-07-10 17:14:21,069 INFO  [HomePage]-[] - Going to click Help Button
2019-07-10 17:14:23,387 INFO  [HomePage]-[] - Clicked on Help Menu
2019-07-10 17:14:27,326 INFO  [HomePage]-[] - Going to click Community in Sub Menu
2019-07-10 17:14:28,698 INFO  [HomePage]-[] - Clicked on Community in Sub Menu
2019-07-10 17:14:33,457 INFO  [CommunityPage]-[] - I have pressedLatest
2019-07-10 17:14:48,310 INFO  [ExtentReportListener]-[] - Passed
2019-07-10 17:14:48,318 INFO  [ExtentReportListener]-[] - Starting Test
2019-07-10 17:14:54,820 INFO  [CommunityPage]-[] - I have pressedLatest
2019-07-10 17:15:12,733 INFO  [ExtentReportListener]-[] - Passed
2019-07-10 17:15:12,743 INFO  [ExtentReportListener]-[] - Starting Test
2019-07-10 17:15:59,688 INFO  [HomePage]-[] - Going to click Help Button
2019-07-10 17:16:02,277 INFO  [HomePage]-[] - Clicked on Help Menu
2019-07-10 17:16:05,794 INFO  [HomePage]-[] - Going to click Community in Sub Menu
2019-07-10 17:16:07,428 INFO  [HomePage]-[] - Clicked on Community in Sub Menu
2019-07-10 17:16:24,237 INFO  [HomePage]-[] - Going to click Help Button
2019-07-10 17:16:26,388 INFO  [HomePage]-[] - Clicked on Help Menu
2019-07-10 17:16:30,147 INFO  [HomePage]-[] - Going to click Community in Sub Menu
2019-07-10 17:16:31,881 INFO  [HomePage]-[] - Clicked on Community in Sub Menu
2019-07-10 17:16:43,779 INFO  [CommunityPage]-[] - I have pressedHome
2019-07-10 17:16:51,448 INFO  [ExtentReportListener]-[] - Passed
2019-07-10 17:16:51,490 INFO  [ExtentReportListener]-[] - Starting Test
2019-07-10 17:16:59,352 INFO  [CommunityPage]-[] - I have pressedHome
2019-07-10 17:17:11,764 INFO  [ExtentReportListener]-[] - Passed
2019-07-10 17:17:11,770 INFO  [ExtentReportListener]-[] - Starting Test
2019-07-10 17:19:10,929 INFO  [CountryChangePage]-[] - Going to Verify Help Button
2019-07-10 17:19:27,371 INFO  [ExtentReportListener]-[] - Passed
2019-07-10 17:19:29,761 INFO  [ExtentReportListener]-[] - Ending
2019-07-10 17:19:31,261 INFO  [ExtentReportListener]-[] - Test Fail
2019-07-10 17:19:33,326 INFO  [ExtentReportListener]-[] - Ending
2019-07-10 17:25:18,479 INFO  [ExtentReportListener]-[] - Starting test
2019-07-10 17:25:18,550 INFO  [ExtentReportListener]-[] - Extent Report location initialized . . .
2019-07-10 17:25:18,630 INFO  [ExtentReportListener]-[] - System Info. set in Extent Report
2019-07-10 17:25:18,785 INFO  [ExtentReportListener]-[] - Starting Test
2019-07-10 17:25:39,147 INFO  [HomePage]-[] - Going to click Help Button
2019-07-10 17:25:39,521 INFO  [HomePage]-[] - Clicked on Help Menu
2019-07-10 17:25:39,997 INFO  [HomePage]-[] - Going to click Community in Sub Menu
2019-07-10 17:25:40,217 INFO  [HomePage]-[] - Clicked on Community in Sub Menu
2019-07-10 17:25:51,819 INFO  [ExtentReportListener]-[] - Passed
2019-07-10 17:25:51,828 INFO  [ExtentReportListener]-[] - Starting Test
2019-07-10 17:26:19,948 INFO  [HomePage]-[] - Going to click Help Button
2019-07-10 17:26:20,357 INFO  [HomePage]-[] - Clicked on Help Menu
2019-07-10 17:26:21,047 INFO  [HomePage]-[] - Going to click Community in Sub Menu
2019-07-10 17:26:21,388 INFO  [HomePage]-[] - Clicked on Community in Sub Menu
2019-07-10 17:26:32,508 INFO  [CommunityPage]-[] - I have pressedLatest
2019-07-10 17:26:38,948 INFO  [ExtentReportListener]-[] - Passed
2019-07-10 17:26:38,949 INFO  [ExtentReportListener]-[] - Starting Test
2019-07-10 17:27:04,177 INFO  [HomePage]-[] - Going to click Help Button
2019-07-10 17:27:04,558 INFO  [HomePage]-[] - Clicked on Help Menu
2019-07-10 17:27:05,064 INFO  [HomePage]-[] - Going to click Community in Sub Menu
2019-07-10 17:27:05,382 INFO  [HomePage]-[] - Clicked on Community in Sub Menu
2019-07-10 17:27:14,050 INFO  [CommunityPage]-[] - I have pressedHome
2019-07-10 17:27:19,427 INFO  [ExtentReportListener]-[] - Passed
2019-07-10 17:27:19,428 INFO  [ExtentReportListener]-[] - Starting Test
2019-07-10 17:28:33,639 INFO  [CountryChangePage]-[] - Going to Verify Help Button
2019-07-10 17:28:40,373 INFO  [ExtentReportListener]-[] - Passed
2019-07-10 17:28:40,746 INFO  [ExtentReportListener]-[] - Ending
2019-07-10 17:33:03,359 INFO  [ExtentReportListener]-[] - Starting test
2019-07-10 17:33:03,506 INFO  [ExtentReportListener]-[] - Extent Report location initialized . . .
2019-07-10 17:33:03,651 INFO  [ExtentReportListener]-[] - System Info. set in Extent Report
2019-07-10 17:33:03,858 INFO  [ExtentReportListener]-[] - Starting Test
2019-07-10 17:33:30,424 INFO  [HomePage]-[] - Going to click Help Button
2019-07-10 17:33:30,858 INFO  [HomePage]-[] - Clicked on Help Menu
2019-07-10 17:33:31,455 INFO  [HomePage]-[] - Going to click Community in Sub Menu
2019-07-10 17:33:31,736 INFO  [HomePage]-[] - Clicked on Community in Sub Menu
2019-07-10 17:33:44,606 INFO  [ExtentReportListener]-[] - Passed
2019-07-10 17:33:44,621 INFO  [ExtentReportListener]-[] - Starting Test
2019-07-10 17:34:05,545 INFO  [HomePage]-[] - Going to click Help Button
2019-07-10 17:34:11,097 INFO  [HomePage]-[] - Clicked on Help Menu
2019-07-10 17:34:11,966 INFO  [HomePage]-[] - Going to click Community in Sub Menu
2019-07-10 17:34:12,668 INFO  [HomePage]-[] - Clicked on Community in Sub Menu
2019-07-10 17:34:29,370 INFO  [CommunityPage]-[] - I have pressedLatest
2019-07-10 17:34:36,472 INFO  [ExtentReportListener]-[] - Passed
2019-07-10 17:34:36,478 INFO  [ExtentReportListener]-[] - Starting Test
2019-07-10 17:35:12,783 INFO  [HomePage]-[] - Going to click Help Button
2019-07-10 17:35:13,420 INFO  [HomePage]-[] - Clicked on Help Menu
2019-07-10 17:35:14,170 INFO  [HomePage]-[] - Going to click Community in Sub Menu
2019-07-10 17:35:14,617 INFO  [HomePage]-[] - Clicked on Community in Sub Menu
2019-07-10 17:35:30,823 INFO  [CommunityPage]-[] - I have pressedHome
2019-07-10 17:35:36,578 INFO  [ExtentReportListener]-[] - Passed
2019-07-10 17:35:36,579 INFO  [ExtentReportListener]-[] - Starting Test
2019-07-10 17:36:58,501 INFO  [CountryChangePage]-[] - Going to Verify Help Button
2019-07-10 17:37:05,532 INFO  [ExtentReportListener]-[] - Passed
2019-07-10 17:37:05,948 INFO  [ExtentReportListener]-[] - Ending
2019-07-10 17:38:35,303 INFO  [ExtentReportListener]-[] - Starting test
2019-07-10 17:38:35,452 INFO  [ExtentReportListener]-[] - Extent Report location initialized . . .
2019-07-10 17:38:35,590 INFO  [ExtentReportListener]-[] - System Info. set in Extent Report
2019-07-10 17:38:36,017 INFO  [ExtentReportListener]-[] - Starting Test
2019-07-10 17:38:50,169 INFO  [ExtentReportListener]-[] - Test Fail
2019-07-10 17:38:50,177 INFO  [ExtentReportListener]-[] - Starting Test
2019-07-10 18:06:33,359 INFO  [ExtentReportListener]-[] - Starting test
2019-07-10 18:06:33,479 INFO  [ExtentReportListener]-[] - Extent Report location initialized . . .
2019-07-10 18:06:33,595 INFO  [ExtentReportListener]-[] - System Info. set in Extent Report
2019-07-10 18:06:33,799 INFO  [ExtentReportListener]-[] - Starting Test
2019-07-10 18:06:56,360 INFO  [HomePage]-[] - Going to click Help Button
2019-07-10 18:06:56,756 INFO  [HomePage]-[] - Clicked on Help Menu
2019-07-10 18:06:57,199 INFO  [HomePage]-[] - Going to click Community in Sub Menu
2019-07-10 18:06:57,423 INFO  [HomePage]-[] - Clicked on Community in Sub Menu
2019-07-10 18:07:10,492 INFO  [ExtentReportListener]-[] - Passed
2019-07-10 18:07:10,493 INFO  [ExtentReportListener]-[] - Starting Test
2019-07-10 18:07:38,867 INFO  [HomePage]-[] - Going to click Help Button
2019-07-10 18:07:39,311 INFO  [HomePage]-[] - Clicked on Help Menu
2019-07-10 18:07:40,040 INFO  [HomePage]-[] - Going to click Community in Sub Menu
2019-07-10 18:07:40,414 INFO  [HomePage]-[] - Clicked on Community in Sub Menu
2019-07-10 18:07:52,444 INFO  [CommunityPage]-[] - I have pressedLatest
2019-07-10 18:07:58,945 INFO  [ExtentReportListener]-[] - Passed
2019-07-10 18:07:58,951 INFO  [ExtentReportListener]-[] - Starting Test
2019-07-10 18:08:24,840 INFO  [HomePage]-[] - Going to click Help Button
2019-07-10 18:08:25,252 INFO  [HomePage]-[] - Clicked on Help Menu
2019-07-10 18:08:25,798 INFO  [HomePage]-[] - Going to click Community in Sub Menu
2019-07-10 18:08:26,132 INFO  [HomePage]-[] - Clicked on Community in Sub Menu
2019-07-10 18:08:35,609 INFO  [CommunityPage]-[] - I have pressedHome
2019-07-10 18:08:40,978 INFO  [ExtentReportListener]-[] - Passed
2019-07-10 18:08:40,980 INFO  [ExtentReportListener]-[] - Starting Test
2019-07-10 18:10:12,562 INFO  [CountryChangePage]-[] - Going to Verify Help Button
2019-07-10 18:10:19,323 INFO  [ExtentReportListener]-[] - Passed
2019-07-10 18:10:20,007 INFO  [ExtentReportListener]-[] - Ending
2019-07-10 18:14:07,154 INFO  [ExtentReportListener]-[] - Starting test
2019-07-10 18:14:07,233 INFO  [ExtentReportListener]-[] - Extent Report location initialized . . .
2019-07-10 18:14:07,332 INFO  [ExtentReportListener]-[] - System Info. set in Extent Report
2019-07-10 18:14:07,527 INFO  [ExtentReportListener]-[] - Starting Test
2019-07-10 18:14:35,252 INFO  [HomePage]-[] - Going to click Help Button
2019-07-10 18:14:35,775 INFO  [HomePage]-[] - Clicked on Help Menu
2019-07-10 18:14:36,354 INFO  [HomePage]-[] - Going to click Community in Sub Menu
2019-07-10 18:14:36,732 INFO  [HomePage]-[] - Clicked on Community in Sub Menu
2019-07-10 18:14:55,018 INFO  [ExtentReportListener]-[] - Passed
2019-07-10 18:14:55,103 INFO  [ExtentReportListener]-[] - Starting Test
2019-07-10 18:15:33,756 INFO  [HomePage]-[] - Going to click Help Button
2019-07-10 18:15:34,259 INFO  [HomePage]-[] - Clicked on Help Menu
2019-07-10 18:15:34,831 INFO  [HomePage]-[] - Going to click Community in Sub Menu
2019-07-10 18:15:35,228 INFO  [HomePage]-[] - Clicked on Community in Sub Menu
2019-07-10 18:15:43,196 INFO  [CommunityPage]-[] - I have pressedLatest
2019-07-10 18:15:48,777 INFO  [ExtentReportListener]-[] - Passed
2019-07-10 18:15:48,779 INFO  [ExtentReportListener]-[] - Starting Test
2019-07-10 18:16:15,351 INFO  [HomePage]-[] - Going to click Help Button
2019-07-10 18:16:15,835 INFO  [HomePage]-[] - Clicked on Help Menu
2019-07-10 18:16:16,431 INFO  [HomePage]-[] - Going to click Community in Sub Menu
2019-07-10 18:16:16,852 INFO  [HomePage]-[] - Clicked on Community in Sub Menu
2019-07-10 18:16:26,082 INFO  [CommunityPage]-[] - I have pressedHome
2019-07-10 18:16:32,916 INFO  [ExtentReportListener]-[] - Passed
2019-07-10 18:16:32,923 INFO  [ExtentReportListener]-[] - Starting Test
2019-07-10 18:18:07,255 INFO  [CountryChangePage]-[] - Going to Verify Help Button
2019-07-10 18:18:14,307 INFO  [ExtentReportListener]-[] - Passed
2019-07-10 18:18:14,788 INFO  [ExtentReportListener]-[] - Ending
2019-07-10 18:21:49,056 INFO  [ExtentReportListener]-[] - Starting test
2019-07-10 18:21:49,171 INFO  [ExtentReportListener]-[] - Extent Report location initialized . . .
2019-07-10 18:21:49,309 INFO  [ExtentReportListener]-[] - System Info. set in Extent Report
2019-07-10 18:21:49,559 INFO  [ExtentReportListener]-[] - Starting Test
2019-07-10 18:22:13,766 INFO  [HomePage]-[] - Going to click Help Button
2019-07-10 18:22:14,298 INFO  [HomePage]-[] - Clicked on Help Menu
2019-07-10 18:22:14,785 INFO  [HomePage]-[] - Going to click Community in Sub Menu
2019-07-10 18:22:15,091 INFO  [HomePage]-[] - Clicked on Community in Sub Menu
2019-07-10 18:22:26,606 INFO  [CommunityPage]-[] - I have pressedLatest
2019-07-10 18:22:32,467 INFO  [ExtentReportListener]-[] - Passed
2019-07-10 18:22:32,494 INFO  [ExtentReportListener]-[] - Starting Test
2019-07-10 18:23:04,725 INFO  [HomePage]-[] - Going to click Help Button
2019-07-10 18:23:05,373 INFO  [HomePage]-[] - Clicked on Help Menu
2019-07-10 18:23:06,061 INFO  [HomePage]-[] - Going to click Community in Sub Menu
2019-07-10 18:23:07,119 INFO  [HomePage]-[] - Clicked on Community in Sub Menu
2019-07-10 18:23:19,920 INFO  [CommunityPage]-[] - I have pressedHome
2019-07-10 18:23:29,770 INFO  [ExtentReportListener]-[] - Passed
2019-07-10 18:23:30,054 INFO  [ExtentReportListener]-[] - Ending
2019-07-10 19:03:06,368 INFO  [ExtentReportListener]-[] - Starting test
2019-07-10 19:03:06,475 INFO  [ExtentReportListener]-[] - Extent Report location initialized . . .
2019-07-10 19:03:06,605 INFO  [ExtentReportListener]-[] - System Info. set in Extent Report
2019-07-10 19:03:06,783 INFO  [ExtentReportListener]-[] - Starting Test
2019-07-10 19:04:37,077 INFO  [ExtentReportListener]-[] - Starting test
2019-07-10 19:04:37,165 INFO  [ExtentReportListener]-[] - Extent Report location initialized . . .
2019-07-10 19:04:37,248 INFO  [ExtentReportListener]-[] - System Info. set in Extent Report
2019-07-10 19:04:37,428 INFO  [ExtentReportListener]-[] - Starting Test
2019-07-10 19:05:00,584 INFO  [ExtentReportListener]-[] - Starting test
2019-07-10 19:05:00,725 INFO  [ExtentReportListener]-[] - Extent Report location initialized . . .
2019-07-10 19:05:00,855 INFO  [ExtentReportListener]-[] - System Info. set in Extent Report
2019-07-10 19:05:01,057 INFO  [ExtentReportListener]-[] - Starting Test
2019-07-10 19:05:44,894 INFO  [HomePage]-[] - Going to click Help Button
2019-07-10 19:05:45,705 INFO  [HomePage]-[] - Clicked on Help Menu
2019-07-10 19:05:46,807 INFO  [HomePage]-[] - Going to click Community in Sub Menu
2019-07-10 19:05:47,442 INFO  [HomePage]-[] - Clicked on Community in Sub Menu
2019-07-10 19:06:28,481 INFO  [ExtentReportListener]-[] - Passed
2019-07-10 19:06:28,906 INFO  [ExtentReportListener]-[] - Ending
2019-07-10 19:10:09,418 INFO  [ExtentReportListener]-[] - Starting test
2019-07-10 19:10:09,536 INFO  [ExtentReportListener]-[] - Extent Report location initialized . . .
2019-07-10 19:10:09,657 INFO  [ExtentReportListener]-[] - System Info. set in Extent Report
2019-07-10 19:10:09,848 INFO  [ExtentReportListener]-[] - Starting Test
2019-07-10 19:10:51,579 INFO  [HomePage]-[] - Going to click Help Button
2019-07-10 19:10:52,136 INFO  [HomePage]-[] - Clicked on Help Menu
2019-07-10 19:10:52,672 INFO  [HomePage]-[] - Going to click Community in Sub Menu
2019-07-10 19:10:53,107 INFO  [HomePage]-[] - Clicked on Community in Sub Menu
2019-07-10 19:11:16,095 INFO  [ExtentReportListener]-[] - Passed
2019-07-10 19:11:16,709 INFO  [ExtentReportListener]-[] - Ending
2019-07-10 19:13:26,246 INFO  [ExtentReportListener]-[] - Starting test
2019-07-10 19:13:26,373 INFO  [ExtentReportListener]-[] - Extent Report location initialized . . .
2019-07-10 19:13:26,537 INFO  [ExtentReportListener]-[] - System Info. set in Extent Report
2019-07-10 19:13:26,819 INFO  [ExtentReportListener]-[] - Starting Test
2019-07-10 19:14:01,484 INFO  [ExtentReportListener]-[] - Starting test
2019-07-10 19:14:01,668 INFO  [ExtentReportListener]-[] - Extent Report location initialized . . .
2019-07-10 19:14:01,876 INFO  [ExtentReportListener]-[] - System Info. set in Extent Report
2019-07-10 19:14:02,179 INFO  [ExtentReportListener]-[] - Starting Test
2019-07-10 19:14:09,749 INFO  [ExtentReportListener]-[] - Test Fail
2019-07-10 19:14:09,884 INFO  [ExtentReportListener]-[] - Ending
2019-07-10 19:14:55,452 INFO  [ExtentReportListener]-[] - Starting test
2019-07-10 19:14:55,567 INFO  [ExtentReportListener]-[] - Extent Report location initialized . . .
2019-07-10 19:14:55,686 INFO  [ExtentReportListener]-[] - System Info. set in Extent Report
2019-07-10 19:14:55,914 INFO  [ExtentReportListener]-[] - Starting Test
2019-07-10 19:15:38,302 INFO  [ExtentReportListener]-[] - Test Fail
2019-07-10 19:15:38,832 INFO  [ExtentReportListener]-[] - Ending
